[0915/174749.966:ERROR:settings.cc(325)] Settings version is not 1
[0916/010741.722:ERROR:settings.cc(325)] Settings version is not 1
[1109/070037.348:ERROR:directory_reader_win.cc(43)] FindFirstFile: The system cannot find the path specified. (0x3)
[1118/135250.679:ERROR:directory_reader_win.cc(43)] FindFirstFile: The system cannot find the path specified. (0x3)
[1119/224708.418:ERROR:directory_reader_win.cc(43)] FindFirstFile: The system cannot find the path specified. (0x3)
[1119/235728.597:ERROR:directory_reader_win.cc(43)] FindFirstFile: The system cannot find the path specified. (0x3)
[1121/002017.661:ERROR:process_reader_win.cc(123)] NtOpenThread: {Access Denied} A process has requested access to an object, but has not been granted those access rights. (0xc0000022)
[1121/002017.661:ERROR:process_reader_win.cc(123)] NtOpenThread: {Access Denied} A process has requested access to an object, but has not been granted those access rights. (0xc0000022)
[1121/002017.665:ERROR:exception_snapshot_win.cc(99)] thread ID 4040 not found in process
[1121/002017.665:ERROR:exception_snapshot_win.cc(99)] thread ID 8356 not found in process
[1121/002017.668:ERROR:process_reader_win.cc(123)] NtOpenThread: {Access Denied} A process has requested access to an object, but has not been granted those access rights. (0xc0000022)
[1121/002017.668:ERROR:exception_snapshot_win.cc(99)] thread ID 14084 not found in process
[1121/002017.677:ERROR:process_reader_win.cc(123)] NtOpenThread: {Access Denied} A process has requested access to an object, but has not been granted those access rights. (0xc0000022)
[1121/002017.677:ERROR:exception_snapshot_win.cc(99)] thread ID 4660 not found in process
[1121/002017.695:ERROR:process_reader_win.cc(123)] NtOpenThread: {Access Denied} A process has requested access to an object, but has not been granted those access rights. (0xc0000022)
[1121/002017.695:ERROR:exception_snapshot_win.cc(99)] thread ID 16996 not found in process
[1121/002017.695:ERROR:process_reader_win.cc(123)] NtOpenThread: {Access Denied} A process has requested access to an object, but has not been granted those access rights. (0xc0000022)
[1121/002017.695:ERROR:exception_snapshot_win.cc(99)] thread ID 9116 not found in process
[1121/002017.695:ERROR:process_reader_win.cc(123)] NtOpenThread: {Access Denied} A process has requested access to an object, but has not been granted those access rights. (0xc0000022)
[1121/002017.695:ERROR:exception_snapshot_win.cc(99)] thread ID 19228 not found in process
[1121/002017.711:ERROR:process_reader_win.cc(123)] NtOpenThread: {Access Denied} A process has requested access to an object, but has not been granted those access rights. (0xc0000022)
[1121/002017.711:ERROR:exception_snapshot_win.cc(99)] thread ID 19028 not found in process
[1121/002017.711:ERROR:process_reader_win.cc(123)] NtOpenThread: {Access Denied} A process has requested access to an object, but has not been granted those access rights. (0xc0000022)
[1121/002017.711:ERROR:exception_snapshot_win.cc(99)] thread ID 13656 not found in process
[1121/002017.726:ERROR:process_reader_win.cc(123)] NtOpenThread: {Access Denied} A process has requested access to an object, but has not been granted those access rights. (0xc0000022)
[1121/002017.726:ERROR:exception_snapshot_win.cc(99)] thread ID 8140 not found in process
[1121/002017.726:ERROR:process_reader_win.cc(123)] NtOpenThread: {Access Denied} A process has requested access to an object, but has not been granted those access rights. (0xc0000022)
[1121/002017.726:ERROR:exception_snapshot_win.cc(99)] thread ID 8660 not found in process
[1121/002017.726:ERROR:process_reader_win.cc(123)] NtOpenThread: {Access Denied} A process has requested access to an object, but has not been granted those access rights. (0xc0000022)
[1121/002017.726:ERROR:exception_snapshot_win.cc(99)] thread ID 9932 not found in process
[1121/002017.726:ERROR:process_reader_win.cc(123)] NtOpenThread: {Access Denied} A process has requested access to an object, but has not been granted those access rights. (0xc0000022)
[1121/002017.726:ERROR:exception_snapshot_win.cc(99)] thread ID 9860 not found in process
[1121/002017.742:ERROR:process_reader_win.cc(123)] NtOpenThread: {Access Denied} A process has requested access to an object, but has not been granted those access rights. (0xc0000022)
[1121/002017.742:ERROR:process_reader_win.cc(123)] NtOpenThread: {Access Denied} A process has requested access to an object, but has not been granted those access rights. (0xc0000022)
[1121/002017.742:ERROR:process_reader_win.cc(123)] NtOpenThread: {Access Denied} A process has requested access to an object, but has not been granted those access rights. (0xc0000022)
[1121/002017.742:ERROR:exception_snapshot_win.cc(99)] thread ID 1896 not found in process
[1121/002017.742:ERROR:exception_snapshot_win.cc(99)] thread ID 17592 not found in process
[1121/002017.742:ERROR:exception_snapshot_win.cc(99)] thread ID 9816 not found in process
[1121/002017.742:ERROR:process_reader_win.cc(123)] NtOpenThread: {Access Denied} A process has requested access to an object, but has not been granted those access rights. (0xc0000022)
[1121/002017.742:ERROR:exception_snapshot_win.cc(99)] thread ID 5260 not found in process
[1121/002017.742:ERROR:process_reader_win.cc(123)] NtOpenThread: {Access Denied} A process has requested access to an object, but has not been granted those access rights. (0xc0000022)
[1121/002017.758:ERROR:exception_snapshot_win.cc(99)] thread ID 14788 not found in process
[1121/002017.758:ERROR:process_reader_win.cc(123)] NtOpenThread: {Access Denied} A process has requested access to an object, but has not been granted those access rights. (0xc0000022)
[1121/002017.758:ERROR:exception_snapshot_win.cc(99)] thread ID 7996 not found in process
[1121/002017.758:ERROR:process_reader_win.cc(123)] NtOpenThread: {Access Denied} A process has requested access to an object, but has not been granted those access rights. (0xc0000022)
[1121/002017.758:ERROR:exception_snapshot_win.cc(99)] thread ID 16840 not found in process
[1121/002017.773:ERROR:process_reader_win.cc(123)] NtOpenThread: {Access Denied} A process has requested access to an object, but has not been granted those access rights. (0xc0000022)
[1121/002017.773:ERROR:exception_snapshot_win.cc(99)] thread ID 376 not found in process
[1121/002017.773:ERROR:process_reader_win.cc(123)] NtOpenThread: {Access Denied} A process has requested access to an object, but has not been granted those access rights. (0xc0000022)
[1121/002017.773:ERROR:exception_snapshot_win.cc(99)] thread ID 9928 not found in process
[1121/002017.789:ERROR:process_reader_win.cc(123)] NtOpenThread: {Access Denied} A process has requested access to an object, but has not been granted those access rights. (0xc0000022)
[1121/002017.789:ERROR:exception_snapshot_win.cc(99)] thread ID 15300 not found in process
[1121/002017.805:ERROR:process_reader_win.cc(123)] NtOpenThread: {Access Denied} A process has requested access to an object, but has not been granted those access rights. (0xc0000022)
[1121/002017.805:ERROR:exception_snapshot_win.cc(99)] thread ID 16920 not found in process
[1121/002017.820:ERROR:process_reader_win.cc(123)] NtOpenThread: {Access Denied} A process has requested access to an object, but has not been granted those access rights. (0xc0000022)
[1121/002017.820:ERROR:exception_snapshot_win.cc(99)] thread ID 9864 not found in process
[1121/002017.820:ERROR:process_reader_win.cc(123)] NtOpenThread: {Access Denied} A process has requested access to an object, but has not been granted those access rights. (0xc0000022)
[1121/002017.820:ERROR:exception_snapshot_win.cc(99)] thread ID 9908 not found in process
[1121/002017.820:ERROR:process_reader_win.cc(123)] NtOpenThread: {Access Denied} A process has requested access to an object, but has not been granted those access rights. (0xc0000022)
[1121/002017.820:ERROR:exception_snapshot_win.cc(99)] thread ID 1104 not found in process
[1224/074402.588:ERROR:directory_reader_win.cc(43)] FindFirstFile: The system cannot find the path specified. (0x3)
[1229/125548.144:ERROR:directory_reader_win.cc(43)] FindFirstFile: The system cannot find the path specified. (0x3)
[1230/125548.162:ERROR:directory_reader_win.cc(43)] FindFirstFile: The system cannot find the path specified. (0x3)
[0106/091433.208:ERROR:directory_reader_win.cc(43)] FindFirstFile: The system cannot find the path specified. (0x3)
[0106/191723.111:ERROR:process_reader_win.cc(151)] SuspendThread: Access is denied. (0x5)
[0106/191723.112:ERROR:process_reader_win.cc(151)] SuspendThread: Access is denied. (0x5)
[0106/191723.112:ERROR:process_reader_win.cc(151)] SuspendThread: Access is denied. (0x5)
[0106/191723.112:ERROR:process_reader_win.cc(151)] SuspendThread: Access is denied. (0x5)
[0106/191723.112:ERROR:process_reader_win.cc(151)] SuspendThread: Access is denied. (0x5)
[0106/191723.112:ERROR:process_reader_win.cc(151)] SuspendThread: Access is denied. (0x5)
[0106/191723.112:ERROR:process_reader_win.cc(151)] SuspendThread: Access is denied. (0x5)
[0106/191723.112:ERROR:process_reader_win.cc(151)] SuspendThread: Access is denied. (0x5)
[0106/191723.112:ERROR:process_reader_win.cc(151)] SuspendThread: Access is denied. (0x5)
[0106/191723.112:ERROR:process_reader_win.cc(151)] SuspendThread: Access is denied. (0x5)
[0106/191723.112:ERROR:process_reader_win.cc(151)] SuspendThread: Access is denied. (0x5)
[0106/191723.112:ERROR:process_reader_win.cc(151)] SuspendThread: Access is denied. (0x5)
[0106/191723.112:ERROR:process_reader_win.cc(151)] SuspendThread: Access is denied. (0x5)
[0106/191723.112:ERROR:process_reader_win.cc(151)] SuspendThread: Access is denied. (0x5)
[0106/191723.112:ERROR:process_reader_win.cc(151)] SuspendThread: Access is denied. (0x5)
[0106/191723.112:ERROR:process_reader_win.cc(123)] NtOpenThread: {Access Denied} A process has requested access to an object, but has not been granted those access rights. (0xc0000022)
[0106/191723.112:ERROR:process_reader_win.cc(123)] NtOpenThread: {Access Denied} A process has requested access to an object, but has not been granted those access rights. (0xc0000022)
[0106/191723.113:ERROR:exception_snapshot_win.cc(99)] thread ID 5272 not found in process
[0106/191723.113:ERROR:process_reader_win.cc(151)] SuspendThread: Access is denied. (0x5)
[0106/191723.113:ERROR:exception_snapshot_win.cc(99)] thread ID 17088 not found in process
[0106/191723.113:ERROR:process_reader_win.cc(151)] SuspendThread: Access is denied. (0x5)
[0106/191723.113:ERROR:process_reader_win.cc(151)] SuspendThread: Access is denied. (0x5)
[0106/191723.113:ERROR:process_reader_win.cc(151)] SuspendThread: Access is denied. (0x5)
[0106/191723.113:ERROR:process_reader_win.cc(151)] SuspendThread: Access is denied. (0x5)
[0106/191723.113:ERROR:process_reader_win.cc(151)] SuspendThread: Access is denied. (0x5)
[0106/191723.113:ERROR:process_reader_win.cc(151)] SuspendThread: Access is denied. (0x5)
[0106/191723.113:ERROR:process_reader_win.cc(123)] NtOpenThread: {Access Denied} A process has requested access to an object, but has not been granted those access rights. (0xc0000022)
[0106/191723.114:ERROR:exception_snapshot_win.cc(99)] thread ID 20072 not found in process
[0106/191723.119:ERROR:process_reader_win.cc(151)] SuspendThread: Access is denied. (0x5)
[0106/191723.119:ERROR:process_reader_win.cc(151)] SuspendThread: Access is denied. (0x5)
[0106/191723.119:ERROR:process_reader_win.cc(151)] SuspendThread: Access is denied. (0x5)
[0106/191723.119:ERROR:process_reader_win.cc(151)] SuspendThread: Access is denied. (0x5)
[0106/191723.119:ERROR:process_reader_win.cc(151)] SuspendThread: Access is denied. (0x5)
[0106/191723.119:ERROR:process_reader_win.cc(151)] SuspendThread: Access is denied. (0x5)
[0106/191723.119:ERROR:process_reader_win.cc(151)] SuspendThread: Access is denied. (0x5)
[0106/191723.119:ERROR:process_reader_win.cc(151)] SuspendThread: Access is denied. (0x5)
[0106/191723.119:ERROR:process_reader_win.cc(151)] SuspendThread: Access is denied. (0x5)
[0106/191723.119:ERROR:process_reader_win.cc(151)] SuspendThread: Access is denied. (0x5)
[0106/191723.119:ERROR:process_reader_win.cc(123)] NtOpenThread: {Access Denied} A process has requested access to an object, but has not been granted those access rights. (0xc0000022)
[0106/191723.122:ERROR:exception_snapshot_win.cc(99)] thread ID 22116 not found in process
[0106/191723.128:ERROR:process_reader_win.cc(151)] SuspendThread: Access is denied. (0x5)
[0106/191723.128:ERROR:process_reader_win.cc(151)] SuspendThread: Access is denied. (0x5)
[0106/191723.128:ERROR:process_reader_win.cc(151)] SuspendThread: Access is denied. (0x5)
[0106/191723.128:ERROR:process_reader_win.cc(151)] SuspendThread: Access is denied. (0x5)
[0106/191723.128:ERROR:process_reader_win.cc(151)] SuspendThread: Access is denied. (0x5)
[0106/191723.128:ERROR:process_reader_win.cc(151)] SuspendThread: Access is denied. (0x5)
[0106/191723.128:ERROR:process_reader_win.cc(151)] SuspendThread: Access is denied. (0x5)
[0106/191723.128:ERROR:process_reader_win.cc(151)] SuspendThread: Access is denied. (0x5)
[0106/191723.128:ERROR:process_reader_win.cc(123)] NtOpenThread: {Access Denied} A process has requested access to an object, but has not been granted those access rights. (0xc0000022)
[0106/191723.128:ERROR:exception_snapshot_win.cc(99)] thread ID 1020 not found in process
[0106/191723.129:ERROR:process_reader_win.cc(151)] SuspendThread: Access is denied. (0x5)
[0106/191723.129:ERROR:process_reader_win.cc(151)] SuspendThread: Access is denied. (0x5)
[0106/191723.129:ERROR:process_reader_win.cc(123)] NtOpenThread: {Access Denied} A process has requested access to an object, but has not been granted those access rights. (0xc0000022)
[0106/191723.129:ERROR:exception_snapshot_win.cc(99)] thread ID 5056 not found in process
[0106/191723.133:ERROR:process_reader_win.cc(151)] SuspendThread: Access is denied. (0x5)
[0106/191723.133:ERROR:process_reader_win.cc(151)] SuspendThread: Access is denied. (0x5)
[0106/191723.133:ERROR:process_reader_win.cc(151)] SuspendThread: Access is denied. (0x5)
[0106/191723.133:ERROR:process_reader_win.cc(151)] SuspendThread: Access is denied. (0x5)
[0106/191723.133:ERROR:process_reader_win.cc(151)] SuspendThread: Access is denied. (0x5)
[0106/191723.133:ERROR:process_reader_win.cc(151)] SuspendThread: Access is denied. (0x5)
[0106/191723.133:ERROR:process_reader_win.cc(151)] SuspendThread: Access is denied. (0x5)
[0106/191723.133:ERROR:process_reader_win.cc(151)] SuspendThread: Access is denied. (0x5)
[0106/191723.133:ERROR:process_reader_win.cc(151)] SuspendThread: Access is denied. (0x5)
[0106/191723.133:ERROR:process_reader_win.cc(151)] SuspendThread: Access is denied. (0x5)
[0106/191723.133:ERROR:process_reader_win.cc(151)] SuspendThread: Access is denied. (0x5)
[0106/191723.133:ERROR:process_reader_win.cc(151)] SuspendThread: Access is denied. (0x5)
[0106/191723.133:ERROR:process_reader_win.cc(151)] SuspendThread: Access is denied. (0x5)
[0106/191723.133:ERROR:process_reader_win.cc(151)] SuspendThread: Access is denied. (0x5)
[0106/191723.133:ERROR:process_reader_win.cc(151)] SuspendThread: Access is denied. (0x5)
[0106/191723.133:ERROR:process_reader_win.cc(151)] SuspendThread: Access is denied. (0x5)
[0106/191723.133:ERROR:process_reader_win.cc(151)] SuspendThread: Access is denied. (0x5)
[0106/191723.133:ERROR:process_reader_win.cc(151)] SuspendThread: Access is denied. (0x5)
[0106/191723.133:ERROR:process_reader_win.cc(151)] SuspendThread: Access is denied. (0x5)
[0106/191723.133:ERROR:process_reader_win.cc(123)] NtOpenThread: {Access Denied} A process has requested access to an object, but has not been granted those access rights. (0xc0000022)
[0106/191723.133:ERROR:process_reader_win.cc(151)] SuspendThread: Access is denied. (0x5)
[0106/191723.133:ERROR:process_reader_win.cc(151)] SuspendThread: Access is denied. (0x5)
[0106/191723.134:ERROR:process_reader_win.cc(123)] NtOpenThread: {Access Denied} A process has requested access to an object, but has not been granted those access rights. (0xc0000022)
[0106/191723.134:ERROR:exception_snapshot_win.cc(99)] thread ID 21804 not found in process
[0106/191723.134:ERROR:exception_snapshot_win.cc(99)] thread ID 21100 not found in process
[0106/191723.137:ERROR:process_reader_win.cc(151)] SuspendThread: Access is denied. (0x5)
[0106/191723.137:ERROR:process_reader_win.cc(151)] SuspendThread: Access is denied. (0x5)
[0106/191723.137:ERROR:process_reader_win.cc(151)] SuspendThread: Access is denied. (0x5)
[0106/191723.137:ERROR:process_reader_win.cc(151)] SuspendThread: Access is denied. (0x5)
[0106/191723.137:ERROR:process_reader_win.cc(151)] SuspendThread: Access is denied. (0x5)
[0106/191723.137:ERROR:process_reader_win.cc(151)] SuspendThread: Access is denied. (0x5)
[0106/191723.137:ERROR:process_reader_win.cc(151)] SuspendThread: Access is denied. (0x5)
[0106/191723.137:ERROR:process_reader_win.cc(151)] SuspendThread: Access is denied. (0x5)
[0106/191723.137:ERROR:process_reader_win.cc(123)] NtOpenThread: {Access Denied} A process has requested access to an object, but has not been granted those access rights. (0xc0000022)
[0106/191723.137:ERROR:exception_snapshot_win.cc(99)] thread ID 5512 not found in process
[0106/191723.139:ERROR:process_reader_win.cc(151)] SuspendThread: Access is denied. (0x5)
[0106/191723.139:ERROR:process_reader_win.cc(151)] SuspendThread: Access is denied. (0x5)
[0106/191723.139:ERROR:process_reader_win.cc(151)] SuspendThread: Access is denied. (0x5)
[0106/191723.139:ERROR:process_reader_win.cc(151)] SuspendThread: Access is denied. (0x5)
[0106/191723.139:ERROR:process_reader_win.cc(151)] SuspendThread: Access is denied. (0x5)
[0106/191723.139:ERROR:process_reader_win.cc(151)] SuspendThread: Access is denied. (0x5)
[0106/191723.139:ERROR:process_reader_win.cc(151)] SuspendThread: Access is denied. (0x5)
[0106/191723.139:ERROR:process_reader_win.cc(151)] SuspendThread: Access is denied. (0x5)
[0106/191723.139:ERROR:process_reader_win.cc(151)] SuspendThread: Access is denied. (0x5)
[0106/191723.139:ERROR:process_reader_win.cc(151)] SuspendThread: Access is denied. (0x5)
[0106/191723.139:ERROR:process_reader_win.cc(151)] SuspendThread: Access is denied. (0x5)
[0106/191723.139:ERROR:process_reader_win.cc(151)] SuspendThread: Access is denied. (0x5)
[0106/191723.139:ERROR:process_reader_win.cc(151)] SuspendThread: Access is denied. (0x5)
[0106/191723.139:ERROR:process_reader_win.cc(151)] SuspendThread: Access is denied. (0x5)
[0106/191723.139:ERROR:process_reader_win.cc(151)] SuspendThread: Access is denied. (0x5)
[0106/191723.139:ERROR:process_reader_win.cc(151)] SuspendThread: Access is denied. (0x5)
[0106/191723.139:ERROR:process_reader_win.cc(123)] NtOpenThread: {Access Denied} A process has requested access to an object, but has not been granted those access rights. (0xc0000022)
[0106/191723.139:ERROR:exception_snapshot_win.cc(99)] thread ID 20584 not found in process
[0106/191723.148:ERROR:process_reader_win.cc(151)] SuspendThread: Access is denied. (0x5)
[0106/191723.148:ERROR:process_reader_win.cc(151)] SuspendThread: Access is denied. (0x5)
[0106/191723.148:ERROR:process_reader_win.cc(151)] SuspendThread: Access is denied. (0x5)
[0106/191723.148:ERROR:process_reader_win.cc(151)] SuspendThread: Access is denied. (0x5)
[0106/191723.148:ERROR:process_reader_win.cc(151)] SuspendThread: Access is denied. (0x5)
[0106/191723.148:ERROR:process_reader_win.cc(151)] SuspendThread: Access is denied. (0x5)
[0106/191723.148:ERROR:process_reader_win.cc(151)] SuspendThread: Access is denied. (0x5)
[0106/191723.148:ERROR:process_reader_win.cc(151)] SuspendThread: Access is denied. (0x5)
[0106/191723.148:ERROR:process_reader_win.cc(123)] NtOpenThread: {Access Denied} A process has requested access to an object, but has not been granted those access rights. (0xc0000022)
[0106/191723.148:ERROR:exception_snapshot_win.cc(99)] thread ID 2012 not found in process
[0106/191723.149:ERROR:process_reader_win.cc(151)] SuspendThread: Access is denied. (0x5)
[0106/191723.149:ERROR:process_reader_win.cc(151)] SuspendThread: Access is denied. (0x5)
[0106/191723.149:ERROR:process_reader_win.cc(151)] SuspendThread: Access is denied. (0x5)
[0106/191723.149:ERROR:process_reader_win.cc(151)] SuspendThread: Access is denied. (0x5)
[0106/191723.149:ERROR:process_reader_win.cc(151)] SuspendThread: Access is denied. (0x5)
[0106/191723.149:ERROR:process_reader_win.cc(151)] SuspendThread: Access is denied. (0x5)
[0106/191723.149:ERROR:process_reader_win.cc(151)] SuspendThread: Access is denied. (0x5)
[0106/191723.149:ERROR:process_reader_win.cc(123)] NtOpenThread: {Access Denied} A process has requested access to an object, but has not been granted those access rights. (0xc0000022)
[0106/191723.149:ERROR:exception_snapshot_win.cc(99)] thread ID 21168 not found in process
[0106/191723.150:ERROR:process_reader_win.cc(151)] SuspendThread: Access is denied. (0x5)
[0106/191723.150:ERROR:process_reader_win.cc(151)] SuspendThread: Access is denied. (0x5)
[0106/191723.150:ERROR:process_reader_win.cc(151)] SuspendThread: Access is denied. (0x5)
[0106/191723.150:ERROR:process_reader_win.cc(151)] SuspendThread: Access is denied. (0x5)
[0106/191723.150:ERROR:process_reader_win.cc(151)] SuspendThread: Access is denied. (0x5)
[0106/191723.150:ERROR:process_reader_win.cc(151)] SuspendThread: Access is denied. (0x5)
[0106/191723.150:ERROR:process_reader_win.cc(151)] SuspendThread: Access is denied. (0x5)
[0106/191723.150:ERROR:process_reader_win.cc(151)] SuspendThread: Access is denied. (0x5)
[0106/191723.150:ERROR:process_reader_win.cc(123)] NtOpenThread: {Access Denied} A process has requested access to an object, but has not been granted those access rights. (0xc0000022)
[0106/191723.150:ERROR:exception_snapshot_win.cc(99)] thread ID 20788 not found in process
[0106/191723.150:ERROR:process_reader_win.cc(151)] SuspendThread: Access is denied. (0x5)
[0106/191723.150:ERROR:process_reader_win.cc(151)] SuspendThread: Access is denied. (0x5)
[0106/191723.150:ERROR:process_reader_win.cc(151)] SuspendThread: Access is denied. (0x5)
[0106/191723.150:ERROR:process_reader_win.cc(151)] SuspendThread: Access is denied. (0x5)
[0106/191723.150:ERROR:process_reader_win.cc(151)] SuspendThread: Access is denied. (0x5)
[0106/191723.150:ERROR:process_reader_win.cc(151)] SuspendThread: Access is denied. (0x5)
[0106/191723.150:ERROR:process_reader_win.cc(151)] SuspendThread: Access is denied. (0x5)
[0106/191723.150:ERROR:process_reader_win.cc(151)] SuspendThread: Access is denied. (0x5)
[0106/191723.150:ERROR:process_reader_win.cc(123)] NtOpenThread: {Access Denied} A process has requested access to an object, but has not been granted those access rights. (0xc0000022)
[0106/191723.150:ERROR:exception_snapshot_win.cc(99)] thread ID 21972 not found in process
[0106/191723.156:ERROR:process_reader_win.cc(151)] SuspendThread: Access is denied. (0x5)
[0106/191723.157:ERROR:process_reader_win.cc(151)] SuspendThread: Access is denied. (0x5)
[0106/191723.157:ERROR:process_reader_win.cc(151)] SuspendThread: Access is denied. (0x5)
[0106/191723.157:ERROR:process_reader_win.cc(151)] SuspendThread: Access is denied. (0x5)
[0106/191723.157:ERROR:process_reader_win.cc(151)] SuspendThread: Access is denied. (0x5)
[0106/191723.157:ERROR:process_reader_win.cc(151)] SuspendThread: Access is denied. (0x5)
[0106/191723.157:ERROR:process_reader_win.cc(151)] SuspendThread: Access is denied. (0x5)
[0106/191723.157:ERROR:process_reader_win.cc(151)] SuspendThread: Access is denied. (0x5)
[0106/191723.157:ERROR:process_reader_win.cc(123)] NtOpenThread: {Access Denied} A process has requested access to an object, but has not been granted those access rights. (0xc0000022)
[0106/191723.157:ERROR:exception_snapshot_win.cc(99)] thread ID 14836 not found in process
[0106/191723.158:ERROR:process_reader_win.cc(151)] SuspendThread: Access is denied. (0x5)
[0106/191723.158:ERROR:process_reader_win.cc(151)] SuspendThread: Access is denied. (0x5)
[0106/191723.158:ERROR:process_reader_win.cc(151)] SuspendThread: Access is denied. (0x5)
[0106/191723.158:ERROR:process_reader_win.cc(151)] SuspendThread: Access is denied. (0x5)
[0106/191723.158:ERROR:process_reader_win.cc(151)] SuspendThread: Access is denied. (0x5)
[0106/191723.158:ERROR:process_reader_win.cc(151)] SuspendThread: Access is denied. (0x5)
[0106/191723.158:ERROR:process_reader_win.cc(151)] SuspendThread: Access is denied. (0x5)
[0106/191723.158:ERROR:process_reader_win.cc(151)] SuspendThread: Access is denied. (0x5)
[0106/191723.158:ERROR:process_reader_win.cc(151)] SuspendThread: Access is denied. (0x5)
[0106/191723.158:ERROR:process_reader_win.cc(123)] NtOpenThread: {Access Denied} A process has requested access to an object, but has not been granted those access rights. (0xc0000022)
[0106/191723.158:ERROR:exception_snapshot_win.cc(99)] thread ID 7996 not found in process
[0106/191723.162:ERROR:process_reader_win.cc(151)] SuspendThread: Access is denied. (0x5)
[0106/191723.162:ERROR:process_reader_win.cc(151)] SuspendThread: Access is denied. (0x5)
[0106/191723.162:ERROR:process_reader_win.cc(151)] SuspendThread: Access is denied. (0x5)
[0106/191723.162:ERROR:process_reader_win.cc(151)] SuspendThread: Access is denied. (0x5)
[0106/191723.162:ERROR:process_reader_win.cc(151)] SuspendThread: Access is denied. (0x5)
[0106/191723.162:ERROR:process_reader_win.cc(151)] SuspendThread: Access is denied. (0x5)
[0106/191723.162:ERROR:process_reader_win.cc(151)] SuspendThread: Access is denied. (0x5)
[0106/191723.162:ERROR:process_reader_win.cc(151)] SuspendThread: Access is denied. (0x5)
[0106/191723.162:ERROR:process_reader_win.cc(123)] NtOpenThread: {Access Denied} A process has requested access to an object, but has not been granted those access rights. (0xc0000022)
[0106/191723.162:ERROR:exception_snapshot_win.cc(99)] thread ID 11920 not found in process
[0106/191723.162:ERROR:process_reader_win.cc(151)] SuspendThread: Access is denied. (0x5)
[0106/191723.162:ERROR:process_reader_win.cc(151)] SuspendThread: Access is denied. (0x5)
[0106/191723.162:ERROR:process_reader_win.cc(151)] SuspendThread: Access is denied. (0x5)
[0106/191723.162:ERROR:process_reader_win.cc(151)] SuspendThread: Access is denied. (0x5)
[0106/191723.162:ERROR:process_reader_win.cc(151)] SuspendThread: Access is denied. (0x5)
[0106/191723.162:ERROR:process_reader_win.cc(151)] SuspendThread: Access is denied. (0x5)
[0106/191723.162:ERROR:process_reader_win.cc(151)] SuspendThread: Access is denied. (0x5)
[0106/191723.162:ERROR:process_reader_win.cc(151)] SuspendThread: Access is denied. (0x5)
[0106/191723.162:ERROR:process_reader_win.cc(151)] SuspendThread: Access is denied. (0x5)
[0106/191723.162:ERROR:process_reader_win.cc(151)] SuspendThread: Access is denied. (0x5)
[0106/191723.162:ERROR:process_reader_win.cc(151)] SuspendThread: Access is denied. (0x5)
[0106/191723.162:ERROR:process_reader_win.cc(123)] NtOpenThread: {Access Denied} A process has requested access to an object, but has not been granted those access rights. (0xc0000022)
[0106/191723.163:ERROR:exception_snapshot_win.cc(99)] thread ID 9060 not found in process
[0106/191723.166:ERROR:process_reader_win.cc(151)] SuspendThread: Access is denied. (0x5)
[0106/191723.166:ERROR:process_reader_win.cc(151)] SuspendThread: Access is denied. (0x5)
[0106/191723.166:ERROR:process_reader_win.cc(151)] SuspendThread: Access is denied. (0x5)
[0106/191723.167:ERROR:process_reader_win.cc(151)] SuspendThread: Access is denied. (0x5)
[0106/191723.167:ERROR:process_reader_win.cc(151)] SuspendThread: Access is denied. (0x5)
[0106/191723.167:ERROR:process_reader_win.cc(151)] SuspendThread: Access is denied. (0x5)
[0106/191723.167:ERROR:process_reader_win.cc(151)] SuspendThread: Access is denied. (0x5)
[0106/191723.167:ERROR:process_reader_win.cc(151)] SuspendThread: Access is denied. (0x5)
[0106/191723.167:ERROR:process_reader_win.cc(123)] NtOpenThread: {Access Denied} A process has requested access to an object, but has not been granted those access rights. (0xc0000022)
[0106/191723.167:ERROR:exception_snapshot_win.cc(99)] thread ID 9084 not found in process
[0106/191723.167:ERROR:process_reader_win.cc(151)] SuspendThread: Access is denied. (0x5)
[0106/191723.167:ERROR:process_reader_win.cc(151)] SuspendThread: Access is denied. (0x5)
[0106/191723.167:ERROR:process_reader_win.cc(151)] SuspendThread: Access is denied. (0x5)
[0106/191723.167:ERROR:process_reader_win.cc(151)] SuspendThread: Access is denied. (0x5)
[0106/191723.167:ERROR:process_reader_win.cc(151)] SuspendThread: Access is denied. (0x5)
[0106/191723.167:ERROR:process_reader_win.cc(151)] SuspendThread: Access is denied. (0x5)
[0106/191723.167:ERROR:process_reader_win.cc(151)] SuspendThread: Access is denied. (0x5)
[0106/191723.167:ERROR:process_reader_win.cc(151)] SuspendThread: Access is denied. (0x5)
[0106/191723.167:ERROR:process_reader_win.cc(151)] SuspendThread: Access is denied. (0x5)
[0106/191723.167:ERROR:process_reader_win.cc(123)] NtOpenThread: {Access Denied} A process has requested access to an object, but has not been granted those access rights. (0xc0000022)
[0106/191723.168:ERROR:exception_snapshot_win.cc(99)] thread ID 22440 not found in process
[0106/191723.174:ERROR:process_reader_win.cc(151)] SuspendThread: Access is denied. (0x5)
[0106/191723.174:ERROR:process_reader_win.cc(151)] SuspendThread: Access is denied. (0x5)
[0106/191723.174:ERROR:process_reader_win.cc(151)] SuspendThread: Access is denied. (0x5)
[0106/191723.174:ERROR:process_reader_win.cc(151)] SuspendThread: Access is denied. (0x5)
[0106/191723.174:ERROR:process_reader_win.cc(151)] SuspendThread: Access is denied. (0x5)
[0106/191723.174:ERROR:process_reader_win.cc(151)] SuspendThread: Access is denied. (0x5)
[0106/191723.174:ERROR:process_reader_win.cc(151)] SuspendThread: Access is denied. (0x5)
[0106/191723.174:ERROR:process_reader_win.cc(151)] SuspendThread: Access is denied. (0x5)
[0106/191723.174:ERROR:process_reader_win.cc(123)] NtOpenThread: {Access Denied} A process has requested access to an object, but has not been granted those access rights. (0xc0000022)
[0106/191723.174:ERROR:exception_snapshot_win.cc(99)] thread ID 22508 not found in process
[0106/191723.182:ERROR:process_reader_win.cc(151)] SuspendThread: Access is denied. (0x5)
[0106/191723.182:ERROR:process_reader_win.cc(151)] SuspendThread: Access is denied. (0x5)
[0106/191723.182:ERROR:process_reader_win.cc(151)] SuspendThread: Access is denied. (0x5)
[0106/191723.182:ERROR:process_reader_win.cc(151)] SuspendThread: Access is denied. (0x5)
[0106/191723.182:ERROR:process_reader_win.cc(151)] SuspendThread: Access is denied. (0x5)
[0106/191723.182:ERROR:process_reader_win.cc(151)] SuspendThread: Access is denied. (0x5)
[0106/191723.182:ERROR:process_reader_win.cc(151)] SuspendThread: Access is denied. (0x5)
[0106/191723.182:ERROR:process_reader_win.cc(151)] SuspendThread: Access is denied. (0x5)
[0106/191723.182:ERROR:process_reader_win.cc(151)] SuspendThread: Access is denied. (0x5)
[0106/191723.182:ERROR:process_reader_win.cc(151)] SuspendThread: Access is denied. (0x5)
[0106/191723.182:ERROR:process_reader_win.cc(123)] NtOpenThread: {Access Denied} A process has requested access to an object, but has not been granted those access rights. (0xc0000022)
[0106/191723.182:ERROR:exception_snapshot_win.cc(99)] thread ID 9072 not found in process
[0106/191723.182:ERROR:process_reader_win.cc(151)] SuspendThread: Access is denied. (0x5)
[0106/191723.182:ERROR:process_reader_win.cc(151)] SuspendThread: Access is denied. (0x5)
[0106/191723.182:ERROR:process_reader_win.cc(151)] SuspendThread: Access is denied. (0x5)
[0106/191723.182:ERROR:process_reader_win.cc(151)] SuspendThread: Access is denied. (0x5)
[0106/191723.182:ERROR:process_reader_win.cc(151)] SuspendThread: Access is denied. (0x5)
[0106/191723.182:ERROR:process_reader_win.cc(151)] SuspendThread: Access is denied. (0x5)
[0106/191723.182:ERROR:process_reader_win.cc(151)] SuspendThread: Access is denied. (0x5)
[0106/191723.182:ERROR:process_reader_win.cc(123)] NtOpenThread: {Access Denied} A process has requested access to an object, but has not been granted those access rights. (0xc0000022)
[0106/191723.182:ERROR:exception_snapshot_win.cc(99)] thread ID 22256 not found in process
[0106/191723.187:ERROR:process_reader_win.cc(151)] SuspendThread: Access is denied. (0x5)
[0106/191723.187:ERROR:process_reader_win.cc(151)] SuspendThread: Access is denied. (0x5)
[0106/191723.187:ERROR:process_reader_win.cc(151)] SuspendThread: Access is denied. (0x5)
[0106/191723.187:ERROR:process_reader_win.cc(151)] SuspendThread: Access is denied. (0x5)
[0106/191723.187:ERROR:process_reader_win.cc(151)] SuspendThread: Access is denied. (0x5)
[0106/191723.187:ERROR:process_reader_win.cc(151)] SuspendThread: Access is denied. (0x5)
[0106/191723.187:ERROR:process_reader_win.cc(151)] SuspendThread: Access is denied. (0x5)
[0106/191723.187:ERROR:process_reader_win.cc(151)] SuspendThread: Access is denied. (0x5)
[0106/191723.187:ERROR:process_reader_win.cc(151)] SuspendThread: Access is denied. (0x5)
[0106/191723.187:ERROR:process_reader_win.cc(151)] SuspendThread: Access is denied. (0x5)
[0106/191723.187:ERROR:process_reader_win.cc(123)] NtOpenThread: {Access Denied} A process has requested access to an object, but has not been granted those access rights. (0xc0000022)
[0106/191723.187:ERROR:exception_snapshot_win.cc(99)] thread ID 2984 not found in process
[0106/191723.187:ERROR:process_reader_win.cc(151)] SuspendThread: Access is denied. (0x5)
[0106/191723.190:ERROR:process_reader_win.cc(151)] SuspendThread: Access is denied. (0x5)
[0106/191723.190:ERROR:process_reader_win.cc(151)] SuspendThread: Access is denied. (0x5)
[0106/191723.190:ERROR:process_reader_win.cc(151)] SuspendThread: Access is denied. (0x5)
[0106/191723.190:ERROR:process_reader_win.cc(151)] SuspendThread: Access is denied. (0x5)
[0106/191723.190:ERROR:process_reader_win.cc(151)] SuspendThread: Access is denied. (0x5)
[0106/191723.190:ERROR:process_reader_win.cc(151)] SuspendThread: Access is denied. (0x5)
[0106/191723.190:ERROR:process_reader_win.cc(151)] SuspendThread: Access is denied. (0x5)
[0106/191723.190:ERROR:process_reader_win.cc(151)] SuspendThread: Access is denied. (0x5)
[0106/191723.190:ERROR:process_reader_win.cc(123)] NtOpenThread: {Access Denied} A process has requested access to an object, but has not been granted those access rights. (0xc0000022)
[0106/191723.190:ERROR:exception_snapshot_win.cc(99)] thread ID 21316 not found in process
[0106/191723.191:ERROR:process_reader_win.cc(151)] SuspendThread: Access is denied. (0x5)
[0106/191723.191:ERROR:process_reader_win.cc(151)] SuspendThread: Access is denied. (0x5)
[0106/191723.192:ERROR:process_reader_win.cc(151)] SuspendThread: Access is denied. (0x5)
[0106/191723.192:ERROR:process_reader_win.cc(151)] SuspendThread: Access is denied. (0x5)
[0106/191723.192:ERROR:process_reader_win.cc(151)] SuspendThread: Access is denied. (0x5)
[0106/191723.192:ERROR:process_reader_win.cc(151)] SuspendThread: Access is denied. (0x5)
[0106/191723.192:ERROR:process_reader_win.cc(151)] SuspendThread: Access is denied. (0x5)
[0106/191723.192:ERROR:process_reader_win.cc(151)] SuspendThread: Access is denied. (0x5)
[0106/191723.192:ERROR:process_reader_win.cc(151)] SuspendThread: Access is denied. (0x5)
[0106/191723.192:ERROR:process_reader_win.cc(151)] SuspendThread: Access is denied. (0x5)
[0106/191723.192:ERROR:process_reader_win.cc(123)] NtOpenThread: {Access Denied} A process has requested access to an object, but has not been granted those access rights. (0xc0000022)
[0106/191723.192:ERROR:exception_snapshot_win.cc(99)] thread ID 20136 not found in process
[0106/191723.191:ERROR:process_reader_win.cc(151)] SuspendThread: Access is denied. (0x5)
[0106/191723.193:ERROR:process_reader_win.cc(151)] SuspendThread: Access is denied. (0x5)
[0106/191723.193:ERROR:process_reader_win.cc(151)] SuspendThread: Access is denied. (0x5)
[0106/191723.193:ERROR:process_reader_win.cc(151)] SuspendThread: Access is denied. (0x5)
[0106/191723.193:ERROR:process_reader_win.cc(151)] SuspendThread: Access is denied. (0x5)
[0106/191723.193:ERROR:process_reader_win.cc(151)] SuspendThread: Access is denied. (0x5)
[0106/191723.193:ERROR:process_reader_win.cc(151)] SuspendThread: Access is denied. (0x5)
[0106/191723.193:ERROR:process_reader_win.cc(123)] NtOpenThread: {Access Denied} A process has requested access to an object, but has not been granted those access rights. (0xc0000022)
[0106/191723.193:ERROR:exception_snapshot_win.cc(99)] thread ID 22252 not found in process
[0106/191723.191:ERROR:process_reader_win.cc(151)] SuspendThread: Access is denied. (0x5)
[0106/191723.194:ERROR:process_reader_win.cc(151)] SuspendThread: Access is denied. (0x5)
[0106/191723.194:ERROR:process_reader_win.cc(151)] SuspendThread: Access is denied. (0x5)
[0106/191723.194:ERROR:process_reader_win.cc(151)] SuspendThread: Access is denied. (0x5)
[0106/191723.194:ERROR:process_reader_win.cc(151)] SuspendThread: Access is denied. (0x5)
[0106/191723.194:ERROR:process_reader_win.cc(151)] SuspendThread: Access is denied. (0x5)
[0106/191723.194:ERROR:process_reader_win.cc(123)] NtOpenThread: {Access Denied} A process has requested access to an object, but has not been granted those access rights. (0xc0000022)
[0106/191723.194:ERROR:exception_snapshot_win.cc(99)] thread ID 6840 not found in process
[0106/191723.194:ERROR:process_reader_win.cc(151)] SuspendThread: Access is denied. (0x5)
[0106/191723.195:ERROR:process_reader_win.cc(151)] SuspendThread: Access is denied. (0x5)
[0106/191723.195:ERROR:process_reader_win.cc(151)] SuspendThread: Access is denied. (0x5)
[0106/191723.195:ERROR:process_reader_win.cc(151)] SuspendThread: Access is denied. (0x5)
[0106/191723.195:ERROR:process_reader_win.cc(151)] SuspendThread: Access is denied. (0x5)
[0106/191723.195:ERROR:process_reader_win.cc(151)] SuspendThread: Access is denied. (0x5)
[0106/191723.195:ERROR:process_reader_win.cc(151)] SuspendThread: Access is denied. (0x5)
[0106/191723.195:ERROR:process_reader_win.cc(151)] SuspendThread: Access is denied. (0x5)
[0106/191723.195:ERROR:process_reader_win.cc(151)] SuspendThread: Access is denied. (0x5)
[0106/191723.195:ERROR:process_reader_win.cc(151)] SuspendThread: Access is denied. (0x5)
[0106/191723.195:ERROR:process_reader_win.cc(151)] SuspendThread: Access is denied. (0x5)
[0106/191723.195:ERROR:process_reader_win.cc(151)] SuspendThread: Access is denied. (0x5)
[0106/191723.195:ERROR:process_reader_win.cc(123)] NtOpenThread: {Access Denied} A process has requested access to an object, but has not been granted those access rights. (0xc0000022)
[0106/191723.195:ERROR:exception_snapshot_win.cc(99)] thread ID 18588 not found in process
[0106/191723.195:ERROR:process_reader_win.cc(151)] SuspendThread: Access is denied. (0x5)
[0106/191723.195:ERROR:process_reader_win.cc(151)] SuspendThread: Access is denied. (0x5)
[0106/191723.195:ERROR:process_reader_win.cc(151)] SuspendThread: Access is denied. (0x5)
[0106/191723.195:ERROR:process_reader_win.cc(151)] SuspendThread: Access is denied. (0x5)
[0106/191723.195:ERROR:process_reader_win.cc(151)] SuspendThread: Access is denied. (0x5)
[0106/191723.195:ERROR:process_reader_win.cc(151)] SuspendThread: Access is denied. (0x5)
[0106/191723.195:ERROR:process_reader_win.cc(151)] SuspendThread: Access is denied. (0x5)
[0106/191723.195:ERROR:process_reader_win.cc(151)] SuspendThread: Access is denied. (0x5)
[0106/191723.195:ERROR:process_reader_win.cc(151)] SuspendThread: Access is denied. (0x5)
[0106/191723.195:ERROR:process_reader_win.cc(151)] SuspendThread: Access is denied. (0x5)
[0106/191723.195:ERROR:process_reader_win.cc(151)] SuspendThread: Access is denied. (0x5)
[0106/191723.195:ERROR:process_reader_win.cc(151)] SuspendThread: Access is denied. (0x5)
[0106/191723.195:ERROR:process_reader_win.cc(123)] NtOpenThread: {Access Denied} A process has requested access to an object, but has not been granted those access rights. (0xc0000022)
[0106/191723.195:ERROR:exception_snapshot_win.cc(99)] thread ID 11272 not found in process
[0106/191723.196:ERROR:process_reader_win.cc(151)] SuspendThread: Access is denied. (0x5)
[0106/191723.196:ERROR:process_reader_win.cc(151)] SuspendThread: Access is denied. (0x5)
[0106/191723.196:ERROR:process_reader_win.cc(151)] SuspendThread: Access is denied. (0x5)
[0106/191723.196:ERROR:process_reader_win.cc(151)] SuspendThread: Access is denied. (0x5)
[0106/191723.196:ERROR:process_reader_win.cc(151)] SuspendThread: Access is denied. (0x5)
[0106/191723.196:ERROR:process_reader_win.cc(151)] SuspendThread: Access is denied. (0x5)
[0106/191723.196:ERROR:process_reader_win.cc(151)] SuspendThread: Access is denied. (0x5)
[0106/191723.196:ERROR:process_reader_win.cc(151)] SuspendThread: Access is denied. (0x5)
[0106/191723.196:ERROR:process_reader_win.cc(151)] SuspendThread: Access is denied. (0x5)
[0106/191723.196:ERROR:process_reader_win.cc(123)] NtOpenThread: {Access Denied} A process has requested access to an object, but has not been granted those access rights. (0xc0000022)
[0106/191723.196:ERROR:exception_snapshot_win.cc(99)] thread ID 21620 not found in process
[0106/191723.208:ERROR:process_reader_win.cc(151)] SuspendThread: Access is denied. (0x5)
[0106/191723.208:ERROR:process_reader_win.cc(151)] SuspendThread: Access is denied. (0x5)
[0106/191723.208:ERROR:process_reader_win.cc(151)] SuspendThread: Access is denied. (0x5)
[0106/191723.208:ERROR:process_reader_win.cc(151)] SuspendThread: Access is denied. (0x5)
[0106/191723.208:ERROR:process_reader_win.cc(151)] SuspendThread: Access is denied. (0x5)
[0106/191723.208:ERROR:process_reader_win.cc(151)] SuspendThread: Access is denied. (0x5)
[0106/191723.208:ERROR:process_reader_win.cc(151)] SuspendThread: Access is denied. (0x5)
[0106/191723.208:ERROR:process_reader_win.cc(123)] NtOpenThread: {Access Denied} A process has requested access to an object, but has not been granted those access rights. (0xc0000022)
[0106/191723.208:ERROR:exception_snapshot_win.cc(99)] thread ID 9500 not found in process
[0106/191723.213:ERROR:process_reader_win.cc(151)] SuspendThread: Access is denied. (0x5)
[0106/191723.213:ERROR:process_reader_win.cc(151)] SuspendThread: Access is denied. (0x5)
[0106/191723.213:ERROR:process_reader_win.cc(151)] SuspendThread: Access is denied. (0x5)
[0106/191723.213:ERROR:process_reader_win.cc(151)] SuspendThread: Access is denied. (0x5)
[0106/191723.213:ERROR:process_reader_win.cc(151)] SuspendThread: Access is denied. (0x5)
[0106/191723.213:ERROR:process_reader_win.cc(151)] SuspendThread: Access is denied. (0x5)
[0106/191723.213:ERROR:process_reader_win.cc(151)] SuspendThread: Access is denied. (0x5)
[0106/191723.213:ERROR:process_reader_win.cc(151)] SuspendThread: Access is denied. (0x5)
[0106/191723.213:ERROR:process_reader_win.cc(151)] SuspendThread: Access is denied. (0x5)
[0106/191723.213:ERROR:process_reader_win.cc(151)] SuspendThread: Access is denied. (0x5)
[0106/191723.213:ERROR:process_reader_win.cc(151)] SuspendThread: Access is denied. (0x5)
[0106/191723.213:ERROR:process_reader_win.cc(151)] SuspendThread: Access is denied. (0x5)
[0106/191723.213:ERROR:process_reader_win.cc(151)] SuspendThread: Access is denied. (0x5)
[0106/191723.213:ERROR:process_reader_win.cc(151)] SuspendThread: Access is denied. (0x5)
[0106/191723.213:ERROR:process_reader_win.cc(151)] SuspendThread: Access is denied. (0x5)
[0106/191723.213:ERROR:process_reader_win.cc(151)] SuspendThread: Access is denied. (0x5)
[0106/191723.213:ERROR:process_reader_win.cc(151)] SuspendThread: Access is denied. (0x5)
[0106/191723.213:ERROR:process_reader_win.cc(151)] SuspendThread: Access is denied. (0x5)
[0106/191723.213:ERROR:process_reader_win.cc(123)] NtOpenThread: {Access Denied} A process has requested access to an object, but has not been granted those access rights. (0xc0000022)
[0106/191723.213:ERROR:process_reader_win.cc(151)] SuspendThread: Access is denied. (0x5)
[0106/191723.213:ERROR:process_reader_win.cc(151)] SuspendThread: Access is denied. (0x5)
[0106/191723.213:ERROR:process_reader_win.cc(151)] SuspendThread: Access is denied. (0x5)
[0106/191723.213:ERROR:process_reader_win.cc(151)] SuspendThread: Access is denied. (0x5)
[0106/191723.213:ERROR:process_reader_win.cc(123)] NtOpenThread: {Access Denied} A process has requested access to an object, but has not been granted those access rights. (0xc0000022)
[0106/191723.214:ERROR:exception_snapshot_win.cc(99)] thread ID 19392 not found in process
[0106/191723.214:ERROR:exception_snapshot_win.cc(99)] thread ID 16396 not found in process
[0106/191723.216:ERROR:process_reader_win.cc(151)] SuspendThread: Access is denied. (0x5)
[0106/191723.216:ERROR:process_reader_win.cc(151)] SuspendThread: Access is denied. (0x5)
[0106/191723.216:ERROR:process_reader_win.cc(151)] SuspendThread: Access is denied. (0x5)
[0106/191723.216:ERROR:process_reader_win.cc(151)] SuspendThread: Access is denied. (0x5)
[0106/191723.216:ERROR:process_reader_win.cc(151)] SuspendThread: Access is denied. (0x5)
[0106/191723.216:ERROR:process_reader_win.cc(151)] SuspendThread: Access is denied. (0x5)
[0106/191723.216:ERROR:process_reader_win.cc(151)] SuspendThread: Access is denied. (0x5)
[0106/191723.216:ERROR:process_reader_win.cc(151)] SuspendThread: Access is denied. (0x5)
[0106/191723.216:ERROR:process_reader_win.cc(151)] SuspendThread: Access is denied. (0x5)
[0106/191723.216:ERROR:process_reader_win.cc(123)] NtOpenThread: {Access Denied} A process has requested access to an object, but has not been granted those access rights. (0xc0000022)
[0106/191723.216:ERROR:exception_snapshot_win.cc(99)] thread ID 15684 not found in process
[0106/191723.216:ERROR:process_reader_win.cc(151)] SuspendThread: Access is denied. (0x5)
[0106/191723.213:ERROR:process_reader_win.cc(151)] SuspendThread: Access is denied. (0x5)
[0106/191723.217:ERROR:process_reader_win.cc(151)] SuspendThread: Access is denied. (0x5)
[0106/191723.217:ERROR:process_reader_win.cc(151)] SuspendThread: Access is denied. (0x5)
[0106/191723.217:ERROR:process_reader_win.cc(151)] SuspendThread: Access is denied. (0x5)
[0106/191723.217:ERROR:process_reader_win.cc(151)] SuspendThread: Access is denied. (0x5)
[0106/191723.217:ERROR:process_reader_win.cc(151)] SuspendThread: Access is denied. (0x5)
[0106/191723.217:ERROR:process_reader_win.cc(151)] SuspendThread: Access is denied. (0x5)
[0106/191723.217:ERROR:process_reader_win.cc(123)] NtOpenThread: {Access Denied} A process has requested access to an object, but has not been granted those access rights. (0xc0000022)
[0106/191723.217:ERROR:exception_snapshot_win.cc(99)] thread ID 16864 not found in process
[0106/191723.217:ERROR:process_reader_win.cc(151)] SuspendThread: Access is denied. (0x5)
[0106/191723.217:ERROR:process_reader_win.cc(151)] SuspendThread: Access is denied. (0x5)
[0106/191723.217:ERROR:process_reader_win.cc(151)] SuspendThread: Access is denied. (0x5)
[0106/191723.217:ERROR:process_reader_win.cc(151)] SuspendThread: Access is denied. (0x5)
[0106/191723.217:ERROR:process_reader_win.cc(151)] SuspendThread: Access is denied. (0x5)
[0106/191723.217:ERROR:process_reader_win.cc(151)] SuspendThread: Access is denied. (0x5)
[0106/191723.217:ERROR:process_reader_win.cc(151)] SuspendThread: Access is denied. (0x5)
[0106/191723.217:ERROR:process_reader_win.cc(151)] SuspendThread: Access is denied. (0x5)
[0106/191723.217:ERROR:process_reader_win.cc(151)] SuspendThread: Access is denied. (0x5)
[0106/191723.217:ERROR:process_reader_win.cc(123)] NtOpenThread: {Access Denied} A process has requested access to an object, but has not been granted those access rights. (0xc0000022)
[0106/191723.218:ERROR:process_reader_win.cc(151)] SuspendThread: Access is denied. (0x5)
[0106/191723.218:ERROR:process_reader_win.cc(151)] SuspendThread: Access is denied. (0x5)
[0106/191723.218:ERROR:process_reader_win.cc(151)] SuspendThread: Access is denied. (0x5)
[0106/191723.218:ERROR:process_reader_win.cc(151)] SuspendThread: Access is denied. (0x5)
[0106/191723.218:ERROR:process_reader_win.cc(151)] SuspendThread: Access is denied. (0x5)
[0106/191723.218:ERROR:process_reader_win.cc(151)] SuspendThread: Access is denied. (0x5)
[0106/191723.218:ERROR:process_reader_win.cc(151)] SuspendThread: Access is denied. (0x5)
[0106/191723.218:ERROR:process_reader_win.cc(151)] SuspendThread: Access is denied. (0x5)
[0106/191723.218:ERROR:process_reader_win.cc(151)] SuspendThread: Access is denied. (0x5)
[0106/191723.218:ERROR:process_reader_win.cc(151)] SuspendThread: Access is denied. (0x5)
[0106/191723.218:ERROR:process_reader_win.cc(151)] SuspendThread: Access is denied. (0x5)
[0106/191723.218:ERROR:process_reader_win.cc(151)] SuspendThread: Access is denied. (0x5)
[0106/191723.218:ERROR:process_reader_win.cc(151)] SuspendThread: Access is denied. (0x5)
[0106/191723.218:ERROR:process_reader_win.cc(151)] SuspendThread: Access is denied. (0x5)
[0106/191723.218:ERROR:process_reader_win.cc(151)] SuspendThread: Access is denied. (0x5)
[0106/191723.218:ERROR:process_reader_win.cc(151)] SuspendThread: Access is denied. (0x5)
[0106/191723.218:ERROR:process_reader_win.cc(151)] SuspendThread: Access is denied. (0x5)
[0106/191723.218:ERROR:process_reader_win.cc(151)] SuspendThread: Access is denied. (0x5)
[0106/191723.218:ERROR:process_reader_win.cc(151)] SuspendThread: Access is denied. (0x5)
[0106/191723.218:ERROR:process_reader_win.cc(151)] SuspendThread: Access is denied. (0x5)
[0106/191723.218:ERROR:process_reader_win.cc(123)] NtOpenThread: {Access Denied} A process has requested access to an object, but has not been granted those access rights. (0xc0000022)
[0106/191723.218:ERROR:process_reader_win.cc(123)] NtOpenThread: {Access Denied} A process has requested access to an object, but has not been granted those access rights. (0xc0000022)
[0106/191723.218:ERROR:exception_snapshot_win.cc(99)] thread ID 7844 not found in process
[0106/191723.219:ERROR:exception_snapshot_win.cc(99)] thread ID 22196 not found in process
[0106/191723.219:ERROR:exception_snapshot_win.cc(99)] thread ID 16244 not found in process
[0106/191723.227:ERROR:process_reader_win.cc(151)] SuspendThread: Access is denied. (0x5)
[0106/191723.227:ERROR:process_reader_win.cc(151)] SuspendThread: Access is denied. (0x5)
[0106/191723.227:ERROR:process_reader_win.cc(151)] SuspendThread: Access is denied. (0x5)
[0106/191723.227:ERROR:process_reader_win.cc(151)] SuspendThread: Access is denied. (0x5)
[0106/191723.227:ERROR:process_reader_win.cc(151)] SuspendThread: Access is denied. (0x5)
[0106/191723.227:ERROR:process_reader_win.cc(151)] SuspendThread: Access is denied. (0x5)
[0106/191723.227:ERROR:process_reader_win.cc(151)] SuspendThread: Access is denied. (0x5)
[0106/191723.227:ERROR:process_reader_win.cc(151)] SuspendThread: Access is denied. (0x5)
[0106/191723.227:ERROR:process_reader_win.cc(151)] SuspendThread: Access is denied. (0x5)
[0106/191723.227:ERROR:process_reader_win.cc(151)] SuspendThread: Access is denied. (0x5)
[0106/191723.227:ERROR:process_reader_win.cc(123)] NtOpenThread: {Access Denied} A process has requested access to an object, but has not been granted those access rights. (0xc0000022)
[0106/191723.227:ERROR:exception_snapshot_win.cc(99)] thread ID 13204 not found in process
[0106/191723.227:ERROR:process_reader_win.cc(151)] SuspendThread: Access is denied. (0x5)
[0106/191723.227:ERROR:process_reader_win.cc(151)] SuspendThread: Access is denied. (0x5)
[0106/191723.227:ERROR:process_reader_win.cc(151)] SuspendThread: Access is denied. (0x5)
[0106/191723.227:ERROR:process_reader_win.cc(151)] SuspendThread: Access is denied. (0x5)
[0106/191723.227:ERROR:process_reader_win.cc(151)] SuspendThread: Access is denied. (0x5)
[0106/191723.227:ERROR:process_reader_win.cc(123)] NtOpenThread: {Access Denied} A process has requested access to an object, but has not been granted those access rights. (0xc0000022)
[0106/191723.227:ERROR:exception_snapshot_win.cc(99)] thread ID 21808 not found in process
[0106/191723.231:ERROR:process_reader_win.cc(151)] SuspendThread: Access is denied. (0x5)
[0106/191723.231:ERROR:process_reader_win.cc(151)] SuspendThread: Access is denied. (0x5)
[0106/191723.231:ERROR:process_reader_win.cc(151)] SuspendThread: Access is denied. (0x5)
[0106/191723.231:ERROR:process_reader_win.cc(151)] SuspendThread: Access is denied. (0x5)
[0106/191723.231:ERROR:process_reader_win.cc(151)] SuspendThread: Access is denied. (0x5)
[0106/191723.231:ERROR:process_reader_win.cc(151)] SuspendThread: Access is denied. (0x5)
[0106/191723.231:ERROR:process_reader_win.cc(151)] SuspendThread: Access is denied. (0x5)
[0106/191723.231:ERROR:process_reader_win.cc(151)] SuspendThread: Access is denied. (0x5)
[0106/191723.231:ERROR:process_reader_win.cc(123)] NtOpenThread: {Access Denied} A process has requested access to an object, but has not been granted those access rights. (0xc0000022)
[0106/191723.231:ERROR:exception_snapshot_win.cc(99)] thread ID 22164 not found in process
[0106/191723.227:ERROR:process_reader_win.cc(151)] SuspendThread: Access is denied. (0x5)
[0106/191723.231:ERROR:process_reader_win.cc(151)] SuspendThread: Access is denied. (0x5)
[0106/191723.231:ERROR:process_reader_win.cc(151)] SuspendThread: Access is denied. (0x5)
[0106/191723.231:ERROR:process_reader_win.cc(151)] SuspendThread: Access is denied. (0x5)
[0106/191723.231:ERROR:process_reader_win.cc(151)] SuspendThread: Access is denied. (0x5)
[0106/191723.231:ERROR:process_reader_win.cc(123)] NtOpenThread: {Access Denied} A process has requested access to an object, but has not been granted those access rights. (0xc0000022)
[0106/191723.231:ERROR:exception_snapshot_win.cc(99)] thread ID 21428 not found in process
[0106/191723.233:ERROR:process_reader_win.cc(151)] SuspendThread: Access is denied. (0x5)
[0106/191723.233:ERROR:process_reader_win.cc(151)] SuspendThread: Access is denied. (0x5)
[0106/191723.233:ERROR:process_reader_win.cc(151)] SuspendThread: Access is denied. (0x5)
[0106/191723.233:ERROR:process_reader_win.cc(151)] SuspendThread: Access is denied. (0x5)
[0106/191723.233:ERROR:process_reader_win.cc(151)] SuspendThread: Access is denied. (0x5)
[0106/191723.233:ERROR:process_reader_win.cc(151)] SuspendThread: Access is denied. (0x5)
[0106/191723.233:ERROR:process_reader_win.cc(151)] SuspendThread: Access is denied. (0x5)
[0106/191723.233:ERROR:process_reader_win.cc(151)] SuspendThread: Access is denied. (0x5)
[0106/191723.233:ERROR:process_reader_win.cc(151)] SuspendThread: Access is denied. (0x5)
[0106/191723.233:ERROR:process_reader_win.cc(123)] NtOpenThread: {Access Denied} A process has requested access to an object, but has not been granted those access rights. (0xc0000022)
[0106/191723.233:ERROR:exception_snapshot_win.cc(99)] thread ID 5172 not found in process
[0106/191723.236:ERROR:process_reader_win.cc(151)] SuspendThread: Access is denied. (0x5)
[0106/191723.236:ERROR:process_reader_win.cc(151)] SuspendThread: Access is denied. (0x5)
[0106/191723.236:ERROR:process_reader_win.cc(151)] SuspendThread: Access is denied. (0x5)
[0106/191723.236:ERROR:process_reader_win.cc(151)] SuspendThread: Access is denied. (0x5)
[0106/191723.236:ERROR:process_reader_win.cc(151)] SuspendThread: Access is denied. (0x5)
[0106/191723.236:ERROR:process_reader_win.cc(151)] SuspendThread: Access is denied. (0x5)
[0106/191723.236:ERROR:process_reader_win.cc(151)] SuspendThread: Access is denied. (0x5)
[0106/191723.236:ERROR:process_reader_win.cc(151)] SuspendThread: Access is denied. (0x5)
[0106/191723.236:ERROR:process_reader_win.cc(151)] SuspendThread: Access is denied. (0x5)
[0106/191723.236:ERROR:process_reader_win.cc(151)] SuspendThread: Access is denied. (0x5)
[0106/191723.236:ERROR:process_reader_win.cc(123)] NtOpenThread: {Access Denied} A process has requested access to an object, but has not been granted those access rights. (0xc0000022)
[0106/191723.237:ERROR:exception_snapshot_win.cc(99)] thread ID 10348 not found in process
[0106/191723.243:ERROR:process_reader_win.cc(151)] SuspendThread: Access is denied. (0x5)
[0106/191723.243:ERROR:process_reader_win.cc(151)] SuspendThread: Access is denied. (0x5)
[0106/191723.243:ERROR:process_reader_win.cc(151)] SuspendThread: Access is denied. (0x5)
[0106/191723.243:ERROR:process_reader_win.cc(151)] SuspendThread: Access is denied. (0x5)
[0106/191723.243:ERROR:process_reader_win.cc(151)] SuspendThread: Access is denied. (0x5)
[0106/191723.243:ERROR:process_reader_win.cc(151)] SuspendThread: Access is denied. (0x5)
[0106/191723.243:ERROR:process_reader_win.cc(151)] SuspendThread: Access is denied. (0x5)
[0106/191723.243:ERROR:process_reader_win.cc(151)] SuspendThread: Access is denied. (0x5)
[0106/191723.243:ERROR:process_reader_win.cc(151)] SuspendThread: Access is denied. (0x5)
[0106/191723.243:ERROR:process_reader_win.cc(151)] SuspendThread: Access is denied. (0x5)
[0106/191723.243:ERROR:process_reader_win.cc(151)] SuspendThread: Access is denied. (0x5)
[0106/191723.243:ERROR:process_reader_win.cc(151)] SuspendThread: Access is denied. (0x5)
[0106/191723.243:ERROR:process_reader_win.cc(151)] SuspendThread: Access is denied. (0x5)
[0106/191723.243:ERROR:process_reader_win.cc(123)] NtOpenThread: {Access Denied} A process has requested access to an object, but has not been granted those access rights. (0xc0000022)
[0106/191723.243:ERROR:process_reader_win.cc(151)] SuspendThread: Access is denied. (0x5)
[0106/191723.243:ERROR:process_reader_win.cc(151)] SuspendThread: Access is denied. (0x5)
[0106/191723.243:ERROR:process_reader_win.cc(151)] SuspendThread: Access is denied. (0x5)
[0106/191723.243:ERROR:process_reader_win.cc(151)] SuspendThread: Access is denied. (0x5)
[0106/191723.243:ERROR:process_reader_win.cc(123)] NtOpenThread: {Access Denied} A process has requested access to an object, but has not been granted those access rights. (0xc0000022)
[0106/191723.243:ERROR:exception_snapshot_win.cc(99)] thread ID 20816 not found in process
[0106/191723.243:ERROR:exception_snapshot_win.cc(99)] thread ID 21012 not found in process
[0106/191723.243:ERROR:process_reader_win.cc(151)] SuspendThread: Access is denied. (0x5)
[0106/191723.244:ERROR:process_reader_win.cc(151)] SuspendThread: Access is denied. (0x5)
[0106/191723.244:ERROR:process_reader_win.cc(151)] SuspendThread: Access is denied. (0x5)
[0106/191723.244:ERROR:process_reader_win.cc(151)] SuspendThread: Access is denied. (0x5)
[0106/191723.244:ERROR:process_reader_win.cc(151)] SuspendThread: Access is denied. (0x5)
[0106/191723.244:ERROR:process_reader_win.cc(151)] SuspendThread: Access is denied. (0x5)
[0106/191723.244:ERROR:process_reader_win.cc(151)] SuspendThread: Access is denied. (0x5)
[0106/191723.244:ERROR:process_reader_win.cc(123)] NtOpenThread: {Access Denied} A process has requested access to an object, but has not been granted those access rights. (0xc0000022)
[0106/191723.244:ERROR:exception_snapshot_win.cc(99)] thread ID 13292 not found in process
[0106/191723.247:ERROR:process_reader_win.cc(151)] SuspendThread: Access is denied. (0x5)
[0106/191723.247:ERROR:process_reader_win.cc(151)] SuspendThread: Access is denied. (0x5)
[0106/191723.247:ERROR:process_reader_win.cc(151)] SuspendThread: Access is denied. (0x5)
[0106/191723.247:ERROR:process_reader_win.cc(151)] SuspendThread: Access is denied. (0x5)
[0106/191723.247:ERROR:process_reader_win.cc(151)] SuspendThread: Access is denied. (0x5)
[0106/191723.247:ERROR:process_reader_win.cc(151)] SuspendThread: Access is denied. (0x5)
[0106/191723.247:ERROR:process_reader_win.cc(151)] SuspendThread: Access is denied. (0x5)
[0106/191723.247:ERROR:process_reader_win.cc(123)] NtOpenThread: {Access Denied} A process has requested access to an object, but has not been granted those access rights. (0xc0000022)
[0106/191723.247:ERROR:exception_snapshot_win.cc(99)] thread ID 8072 not found in process
[0106/191723.248:ERROR:process_reader_win.cc(151)] SuspendThread: Access is denied. (0x5)
[0106/191723.248:ERROR:process_reader_win.cc(151)] SuspendThread: Access is denied. (0x5)
[0106/191723.248:ERROR:process_reader_win.cc(151)] SuspendThread: Access is denied. (0x5)
[0106/191723.248:ERROR:process_reader_win.cc(151)] SuspendThread: Access is denied. (0x5)
[0106/191723.248:ERROR:process_reader_win.cc(151)] SuspendThread: Access is denied. (0x5)
[0106/191723.248:ERROR:process_reader_win.cc(151)] SuspendThread: Access is denied. (0x5)
[0106/191723.248:ERROR:process_reader_win.cc(151)] SuspendThread: Access is denied. (0x5)
[0106/191723.248:ERROR:process_reader_win.cc(151)] SuspendThread: Access is denied. (0x5)
[0106/191723.248:ERROR:process_reader_win.cc(151)] SuspendThread: Access is denied. (0x5)
[0106/191723.249:ERROR:process_reader_win.cc(151)] SuspendThread: Access is denied. (0x5)
[0106/191723.249:ERROR:process_reader_win.cc(123)] NtOpenThread: {Access Denied} A process has requested access to an object, but has not been granted those access rights. (0xc0000022)
[0106/191723.249:ERROR:exception_snapshot_win.cc(99)] thread ID 12644 not found in process
[0106/191723.250:ERROR:process_reader_win.cc(151)] SuspendThread: Access is denied. (0x5)
[0106/191723.250:ERROR:process_reader_win.cc(151)] SuspendThread: Access is denied. (0x5)
[0106/191723.250:ERROR:process_reader_win.cc(151)] SuspendThread: Access is denied. (0x5)
[0106/191723.250:ERROR:process_reader_win.cc(151)] SuspendThread: Access is denied. (0x5)
[0106/191723.250:ERROR:process_reader_win.cc(151)] SuspendThread: Access is denied. (0x5)
[0106/191723.250:ERROR:process_reader_win.cc(151)] SuspendThread: Access is denied. (0x5)
[0106/191723.250:ERROR:process_reader_win.cc(151)] SuspendThread: Access is denied. (0x5)
[0106/191723.250:ERROR:process_reader_win.cc(151)] SuspendThread: Access is denied. (0x5)
[0106/191723.250:ERROR:process_reader_win.cc(151)] SuspendThread: Access is denied. (0x5)
[0106/191723.250:ERROR:process_reader_win.cc(151)] SuspendThread: Access is denied. (0x5)
[0106/191723.250:ERROR:process_reader_win.cc(151)] SuspendThread: Access is denied. (0x5)
[0106/191723.250:ERROR:process_reader_win.cc(151)] SuspendThread: Access is denied. (0x5)
[0106/191723.250:ERROR:process_reader_win.cc(123)] NtOpenThread: {Access Denied} A process has requested access to an object, but has not been granted those access rights. (0xc0000022)
[0106/191723.250:ERROR:exception_snapshot_win.cc(99)] thread ID 9004 not found in process
[0106/191723.251:ERROR:process_reader_win.cc(151)] SuspendThread: Access is denied. (0x5)
[0106/191723.251:ERROR:process_reader_win.cc(151)] SuspendThread: Access is denied. (0x5)
[0106/191723.251:ERROR:process_reader_win.cc(151)] SuspendThread: Access is denied. (0x5)
[0106/191723.251:ERROR:process_reader_win.cc(151)] SuspendThread: Access is denied. (0x5)
[0106/191723.251:ERROR:process_reader_win.cc(151)] SuspendThread: Access is denied. (0x5)
[0106/191723.251:ERROR:process_reader_win.cc(151)] SuspendThread: Access is denied. (0x5)
[0106/191723.251:ERROR:process_reader_win.cc(151)] SuspendThread: Access is denied. (0x5)
[0106/191723.251:ERROR:process_reader_win.cc(151)] SuspendThread: Access is denied. (0x5)
[0106/191723.251:ERROR:process_reader_win.cc(151)] SuspendThread: Access is denied. (0x5)
[0106/191723.251:ERROR:process_reader_win.cc(151)] SuspendThread: Access is denied. (0x5)
[0106/191723.251:ERROR:process_reader_win.cc(151)] SuspendThread: Access is denied. (0x5)
[0106/191723.251:ERROR:process_reader_win.cc(151)] SuspendThread: Access is denied. (0x5)
[0106/191723.251:ERROR:process_reader_win.cc(151)] SuspendThread: Access is denied. (0x5)
[0106/191723.251:ERROR:process_reader_win.cc(151)] SuspendThread: Access is denied. (0x5)
[0106/191723.251:ERROR:process_reader_win.cc(151)] SuspendThread: Access is denied. (0x5)
[0106/191723.251:ERROR:process_reader_win.cc(151)] SuspendThread: Access is denied. (0x5)
[0106/191723.251:ERROR:process_reader_win.cc(123)] NtOpenThread: {Access Denied} A process has requested access to an object, but has not been granted those access rights. (0xc0000022)
[0106/191723.251:ERROR:process_reader_win.cc(123)] NtOpenThread: {Access Denied} A process has requested access to an object, but has not been granted those access rights. (0xc0000022)
[0106/191723.251:ERROR:exception_snapshot_win.cc(99)] thread ID 22076 not found in process
[0106/191723.251:ERROR:exception_snapshot_win.cc(99)] thread ID 22380 not found in process
[0106/191723.253:ERROR:process_reader_win.cc(151)] SuspendThread: Access is denied. (0x5)
[0106/191723.253:ERROR:process_reader_win.cc(151)] SuspendThread: Access is denied. (0x5)
[0106/191723.253:ERROR:process_reader_win.cc(151)] SuspendThread: Access is denied. (0x5)
[0106/191723.253:ERROR:process_reader_win.cc(151)] SuspendThread: Access is denied. (0x5)
[0106/191723.253:ERROR:process_reader_win.cc(151)] SuspendThread: Access is denied. (0x5)
[0106/191723.253:ERROR:process_reader_win.cc(151)] SuspendThread: Access is denied. (0x5)
[0106/191723.253:ERROR:process_reader_win.cc(151)] SuspendThread: Access is denied. (0x5)
[0106/191723.253:ERROR:process_reader_win.cc(151)] SuspendThread: Access is denied. (0x5)
[0106/191723.253:ERROR:process_reader_win.cc(151)] SuspendThread: Access is denied. (0x5)
[0106/191723.253:ERROR:process_reader_win.cc(151)] SuspendThread: Access is denied. (0x5)
[0106/191723.253:ERROR:process_reader_win.cc(151)] SuspendThread: Access is denied. (0x5)
[0106/191723.253:ERROR:process_reader_win.cc(151)] SuspendThread: Access is denied. (0x5)
[0106/191723.253:ERROR:process_reader_win.cc(123)] NtOpenThread: {Access Denied} A process has requested access to an object, but has not been granted those access rights. (0xc0000022)
[0106/191723.254:ERROR:exception_snapshot_win.cc(99)] thread ID 5024 not found in process
[0106/191723.262:ERROR:process_reader_win.cc(151)] SuspendThread: Access is denied. (0x5)
[0106/191723.262:ERROR:process_reader_win.cc(151)] SuspendThread: Access is denied. (0x5)
[0106/191723.262:ERROR:process_reader_win.cc(151)] SuspendThread: Access is denied. (0x5)
[0106/191723.262:ERROR:process_reader_win.cc(151)] SuspendThread: Access is denied. (0x5)
[0106/191723.262:ERROR:process_reader_win.cc(151)] SuspendThread: Access is denied. (0x5)
[0106/191723.262:ERROR:process_reader_win.cc(151)] SuspendThread: Access is denied. (0x5)
[0106/191723.262:ERROR:process_reader_win.cc(151)] SuspendThread: Access is denied. (0x5)
[0106/191723.262:ERROR:process_reader_win.cc(123)] NtOpenThread: {Access Denied} A process has requested access to an object, but has not been granted those access rights. (0xc0000022)
[0106/191723.262:ERROR:exception_snapshot_win.cc(99)] thread ID 19924 not found in process
[0106/191723.263:ERROR:process_reader_win.cc(151)] SuspendThread: Access is denied. (0x5)
[0106/191723.263:ERROR:process_reader_win.cc(151)] SuspendThread: Access is denied. (0x5)
[0106/191723.263:ERROR:process_reader_win.cc(151)] SuspendThread: Access is denied. (0x5)
[0106/191723.263:ERROR:process_reader_win.cc(151)] SuspendThread: Access is denied. (0x5)
[0106/191723.263:ERROR:process_reader_win.cc(151)] SuspendThread: Access is denied. (0x5)
[0106/191723.263:ERROR:process_reader_win.cc(151)] SuspendThread: Access is denied. (0x5)
[0106/191723.263:ERROR:process_reader_win.cc(151)] SuspendThread: Access is denied. (0x5)
[0106/191723.263:ERROR:process_reader_win.cc(151)] SuspendThread: Access is denied. (0x5)
[0106/191723.263:ERROR:process_reader_win.cc(151)] SuspendThread: Access is denied. (0x5)
[0106/191723.263:ERROR:process_reader_win.cc(123)] NtOpenThread: {Access Denied} A process has requested access to an object, but has not been granted those access rights. (0xc0000022)
[0106/191723.263:ERROR:exception_snapshot_win.cc(99)] thread ID 17736 not found in process
[0106/191723.266:ERROR:process_reader_win.cc(151)] SuspendThread: Access is denied. (0x5)
[0106/191723.266:ERROR:process_reader_win.cc(151)] SuspendThread: Access is denied. (0x5)
[0106/191723.266:ERROR:process_reader_win.cc(151)] SuspendThread: Access is denied. (0x5)
[0106/191723.266:ERROR:process_reader_win.cc(151)] SuspendThread: Access is denied. (0x5)
[0106/191723.266:ERROR:process_reader_win.cc(151)] SuspendThread: Access is denied. (0x5)
[0106/191723.266:ERROR:process_reader_win.cc(151)] SuspendThread: Access is denied. (0x5)
[0106/191723.266:ERROR:process_reader_win.cc(151)] SuspendThread: Access is denied. (0x5)
[0106/191723.266:ERROR:process_reader_win.cc(151)] SuspendThread: Access is denied. (0x5)
[0106/191723.266:ERROR:process_reader_win.cc(151)] SuspendThread: Access is denied. (0x5)
[0106/191723.266:ERROR:process_reader_win.cc(151)] SuspendThread: Access is denied. (0x5)
[0106/191723.266:ERROR:process_reader_win.cc(123)] NtOpenThread: {Access Denied} A process has requested access to an object, but has not been granted those access rights. (0xc0000022)
[0106/191723.266:ERROR:exception_snapshot_win.cc(99)] thread ID 16408 not found in process
[0106/191723.268:ERROR:process_reader_win.cc(151)] SuspendThread: Access is denied. (0x5)
[0106/191723.268:ERROR:process_reader_win.cc(151)] SuspendThread: Access is denied. (0x5)
[0106/191723.268:ERROR:process_reader_win.cc(151)] SuspendThread: Access is denied. (0x5)
[0106/191723.268:ERROR:process_reader_win.cc(151)] SuspendThread: Access is denied. (0x5)
[0106/191723.268:ERROR:process_reader_win.cc(151)] SuspendThread: Access is denied. (0x5)
[0106/191723.268:ERROR:process_reader_win.cc(151)] SuspendThread: Access is denied. (0x5)
[0106/191723.268:ERROR:process_reader_win.cc(123)] NtOpenThread: {Access Denied} A process has requested access to an object, but has not been granted those access rights. (0xc0000022)
[0106/191723.268:ERROR:exception_snapshot_win.cc(99)] thread ID 21384 not found in process
[0106/191723.270:ERROR:process_reader_win.cc(151)] SuspendThread: Access is denied. (0x5)
[0106/191723.270:ERROR:process_reader_win.cc(151)] SuspendThread: Access is denied. (0x5)
[0106/191723.270:ERROR:process_reader_win.cc(123)] NtOpenThread: {Access Denied} A process has requested access to an object, but has not been granted those access rights. (0xc0000022)
[0106/191723.270:ERROR:exception_snapshot_win.cc(99)] thread ID 4160 not found in process
[0106/191723.272:ERROR:process_reader_win.cc(151)] SuspendThread: Access is denied. (0x5)
[0106/191723.272:ERROR:process_reader_win.cc(151)] SuspendThread: Access is denied. (0x5)
[0106/191723.273:ERROR:process_reader_win.cc(123)] NtOpenThread: {Access Denied} A process has requested access to an object, but has not been granted those access rights. (0xc0000022)
[0106/191723.273:ERROR:exception_snapshot_win.cc(99)] thread ID 20148 not found in process
[0106/191723.288:ERROR:process_reader_win.cc(151)] SuspendThread: Access is denied. (0x5)
[0106/191723.288:ERROR:process_reader_win.cc(151)] SuspendThread: Access is denied. (0x5)
[0106/191723.288:ERROR:process_reader_win.cc(123)] NtOpenThread: {Access Denied} A process has requested access to an object, but has not been granted those access rights. (0xc0000022)
[0106/191723.288:ERROR:exception_snapshot_win.cc(99)] thread ID 21032 not found in process
[0106/191723.288:ERROR:process_reader_win.cc(151)] SuspendThread: Access is denied. (0x5)
[0106/191723.288:ERROR:process_reader_win.cc(151)] SuspendThread: Access is denied. (0x5)
[0106/191723.288:ERROR:process_reader_win.cc(123)] NtOpenThread: {Access Denied} A process has requested access to an object, but has not been granted those access rights. (0xc0000022)
[0106/191723.288:ERROR:exception_snapshot_win.cc(99)] thread ID 12928 not found in process
[0106/191723.292:ERROR:process_reader_win.cc(151)] SuspendThread: Access is denied. (0x5)
[0106/191723.293:ERROR:process_reader_win.cc(151)] SuspendThread: Access is denied. (0x5)
[0106/191723.293:ERROR:process_reader_win.cc(123)] NtOpenThread: {Access Denied} A process has requested access to an object, but has not been granted those access rights. (0xc0000022)
[0106/191723.293:ERROR:exception_snapshot_win.cc(99)] thread ID 16292 not found in process
[0106/191723.301:ERROR:process_reader_win.cc(151)] SuspendThread: Access is denied. (0x5)
[0106/191723.301:ERROR:process_reader_win.cc(151)] SuspendThread: Access is denied. (0x5)
[0106/191723.301:ERROR:process_reader_win.cc(123)] NtOpenThread: {Access Denied} A process has requested access to an object, but has not been granted those access rights. (0xc0000022)
[0106/191723.301:ERROR:exception_snapshot_win.cc(99)] thread ID 20152 not found in process
[0106/211858.749:ERROR:directory_reader_win.cc(43)] FindFirstFile: The system cannot find the path specified. (0x3)
